<?xml version="1.0" encoding="UTF-8"?>
<!-- Generated by org.testng.reporters.JUnitReportReporter -->
<testsuite skipped="0" hostname="DESKTOP-ONBI019" name="cucmberOptions.TestRunner" tests="1" failures="0" timestamp="2021-11-09T18:52:53 PKT" time="33.810" errors="0">
  <testcase name="feature" time="33.810" classname="cucmberOptions.TestRunner"/>
  <system-out/>
</testsuite> <!-- cucmberOptions.TestRunner -->
