<?xml version="1.0" encoding="UTF-8"?>
<!-- Generated by org.testng.reporters.JUnitReportReporter -->
<testsuite skipped="2" hostname="DESKTOP-ONBI019" name="Acadmy.E2EProjects.validateNavigation" tests="3" failures="0" timestamp="2020-10-27T19:49:14 PKT" time="0.019" errors="1">
  <testcase name="basePageNavigation" time="0.000" classname="Acadmy.E2EProjects.validateNavigation">
    <skipped/>
  </testcase> <!-- basePageNavigation -->
  <system-out/>
  <testcase name="intialize" time="0.019" classname="Acadmy.E2EProjects.validateNavigation">
    <error type="java.lang.NullPointerException">
      <![CDATA[java.lang.NullPointerException
at resources.base.intializeDriver(base.java:43)
at Acadmy.E2EProjects.validateNavigation.intialize(validateNavigation.java:23)
at sun.reflect.NativeMethodAccessorImpl.invoke0(Native Method)
at sun.reflect.NativeMethodAccessorImpl.invoke(Unknown Source)
at sun.reflect.DelegatingMethodAccessorImpl.invoke(Unknown Source)
at java.lang.reflect.Method.invoke(Unknown Source)
at org.testng.internal.MethodInvocationHelper.invokeMethod(MethodInvocationHelper.java:132)
at org.testng.internal.MethodInvocationHelper.invokeMethodConsideringTimeout(MethodInvocationHelper.java:61)
at org.testng.internal.ConfigInvoker.invokeConfigurationMethod(ConfigInvoker.java:366)
at org.testng.internal.ConfigInvoker.invokeConfigurations(ConfigInvoker.java:320)
at org.testng.TestRunner.invokeTestConfigurations(TestRunner.java:617)
at org.testng.TestRunner.beforeRun(TestRunner.java:607)
at org.testng.TestRunner.run(TestRunner.java:578)
at org.testng.SuiteRunner.runTest(SuiteRunner.java:384)
at org.testng.SuiteRunner.access$000(SuiteRunner.java:28)
at org.testng.SuiteRunner$SuiteWorker.run(SuiteRunner.java:425)
at org.testng.internal.thread.ThreadUtil.lambda$execute$0(ThreadUtil.java:66)
at java.util.concurrent.FutureTask.run(Unknown Source)
at java.util.concurrent.ThreadPoolExecutor.runWorker(Unknown Source)
at java.util.concurrent.ThreadPoolExecutor$Worker.run(Unknown Source)
at java.lang.Thread.run(Unknown Source)
]]>
    </error>
  </testcase> <!-- intialize -->
  <system-out/>
  <testcase name="validateHeader" time="0.000" classname="Acadmy.E2EProjects.validateNavigation">
    <skipped/>
  </testcase> <!-- validateHeader -->
  <system-out/>
</testsuite> <!-- Acadmy.E2EProjects.validateNavigation -->
